H5GG 版本更新记录:

H5GG v3.5 正式发布：
1：修复个别APP卡死和悬浮菜单消失问题
2：修复浮点显示为0问题并区分显示浮点
3：修复邻近搜索，保留匹配的原数据，保留原数据格式，基本上和igg一模一样
4：搜索排除一部分插件自己数据
5：增加搜索中提示信息框和文本
6：增加结果列表下滑自动加载更多数据
7：修复上限过大搜索失败的问题

H5GG v3.6 测试版本：
1： 优化js脚本接口地址参数解析，可以使用十进制或0x开头十六进制自动识别无需手动转换
2：增加脚本加载功能， 可以从当前APP的Documents目录加载，也可以从网址加载服务器中的js脚本

H5GG v3.7 版本测试：
新增脚本异常错误提示，再也不要担心脚本没反应了.
新增搜索.app目录中的js，可以和ipa一起打包js脚本免越狱了.

H5GG v3.8 正式发布：
1：优化js脚本h5gg接口getValue/setValue 地址参数解析，可以使用十进制或0x开头十六进制自动识别无需手动转换
2：增加脚本js文件加载功能， 可以从当前APP的ipa中的.app主程序目录加载，也可以从当前APP的Documents数据目录加载，也可以从网址加载服务器中的js脚本
3：新增脚本异常错误提示，再也不要担心js脚本写错没反应了. 错误提示具体到文件，行号，列数。
4：去除UIKit注入更加稳！

H5GG v3.9测试版：
1：优化加载脚本后执行中的提示， 避免执行中没提示多次点击触发出现异常
2：增强JS错误提示模块， 避免H5文件改错后没有JS错误提示信息
3：修复部分APP的H5提示信息框显示在悬浮窗下层问题
4：修复加载JS脚本，如果引擎提示出错后，界面卡死问题

H5GG v4.0测试版：
1：优化竖屏界面比例显示，只占用一半屏幕，不会占用全屏，优化部分app悬浮窗会消失问题，现在完全不会消失
2：新增脚本列表中可以从本地文件管理器选择js或html格式
3：脚本加载增加html格式支持，可以选择本地H5文件或网络H5链接，自动替换当前界面
4：增加js脚本请求http网络Get/Post权限（使用方式自行百度jquery ajax）注：本地h5界面可以请求任何域名，网络H5页面只能请求同域名.


H5GG v4.1 测试：
1： 第一次点击悬浮按钮检测无网络给出弹窗提醒
2： 增加js设置悬浮按钮网络图标的接口功能
3： 增加js设置悬浮窗口位置和尺寸的接口功能
4： 可以触摸悬浮窗口非滑动区域进行拖动悬浮窗
5： 优化浮点数显示，包括界面和js接口返回的数据（比igg更精确)

H5GG v4.2 测试:
1: 增加getRangesList接口, 可以获取模块列表和模块基址
2: 增加setValue修改只读内存的能力, 自动处理内存权限属性
3: 增加数值范围搜索功能, 例如"50~100", 比如"2.3~7.8"
4: 新增制作dylib功能, 可以生成自己图标和菜单的专属dylib
5: 修复某些时候悬浮按钮可能显示在输入法上的BUG

H5GG v4.2.1 测试:
1: 修复部分APP从文件管理器中选择脚本无反应问题
H5GG v4.2.2 测试:
1: 检测H5中是否有FastClick模块, H5GG不再需要这个模块, 请从H5末尾删除, 否则界面卡死
H5GG v4.2.3 测试:
1: 修复部分情况下弹框卡住界面无反应的问题

H5GG v4.3 测试:
1: 重做全局弹框完美呈现, 彻底解决卡界面,消失,显示到下层等问题
2: 增加js设置悬浮窗可拖动区域, 自定义H5界面需要调用js设置才可拖动
3: 已解决部分APP从文件管理器中选择脚本无反应的问题


H5GG v4.4 测试:
1: 修复部分APP中弹框显示在下层问题
2: 修复导致cydia商店页面显示异常问题

H5GG v4.5 测试:
1: 修复部分APP中连续弹框可能显示到下层的问题
2: 修复4.4版本悬浮按钮会显示在系统App中的问题

H5GG v5.0 发布:
1: 正式支持跨进程模式, 同时支持免越狱注入, 越狱注入, 越狱跨进程不注入三种模式
首发跨进程版为iMemEditor绑定版, 需要从iME中打开使用, 后续由shadow发布独立app版
2: 调整为允许未越狱设备制作dylib, 但是要自己想办法从App文档中导出dylib文件
3: 修复部分app启动时由于切换页面导致的悬浮按钮突然消失的问题
4: 修复在部分设备上setValue修改基址数据可能失败的问题

H5GG v5.1 测试:
1: 跨进程版改为由shadow开发的独立app,修复在14系统兼容问题
3: 修复跨进程版无法调用getRangesList获取模块基址的问题
4: 更换由shadow设计的H5GG专用图标, 更有品味

H5GG v5.2 测试:
1: 修复跨进程版在c1越狱环境下无法选择目标的问题
2: 新增跨进程版的目标选择js接口调用, 普通版无需调用

H5GG v5.3 测试:
1: 由暗影修复c1越狱可能提示无网络问题
2: 更新由QQ昵称提供12系统的适配方案
3: 跨进程版调整为启动自动显示窗口界面

H5GG v5.4 测试:
1: 修复跨重新选择进程后不会自动清空列表的问题
2: 调整左侧按钮界面布局, 更加直观清晰明了
3: 针对个别设备无联网权限, 新增详细提示信息

H5GG v5.5 测试:
1: 修复部分设备js中的提示框显示异常问题
2: 修复部分设备点击制作插件跨进程APP闪退的问题
3: 修复部分设备制作插件提示失败的问题
4: 修复安装通用版之后跨进程版APP白屏的问题
5: 优化小于1.0的F32/F64显示格式问题

H5GG v5.6 测试:
1: 优化数值搜索和邻近搜索参数错误提示信息
2: 优化网络故障的提示信息, 内置jquery离线也可运行
3: 增加getRangesList返回模块结尾地址(.end属性)
4: 悬浮窗口支持边框背景透明，需要设置body{background-color: transparent}
5: 增强核心模块的安全性，使运行更加稳定，更加流畅
6: 修复部分情况下上滑结果列表没有加载更多数据的问题

H5GG v5.7 测试:
1: 修复拖动悬浮窗口到屏幕边缘的时候尺寸自动缩小的问题
2: 增加顶部可拖动悬浮窗的区域尺寸, 横屏模式更易拖动
3: 优化悬浮窗口区域外可以触摸操作原先的APP界面
4: 悬浮窗改为默认不透明,调节透明度使用 body{background-color: rgba(255,255,255,0.8)}
5: 新增js接口setWindowTouch, 可以设置悬浮窗口的触控穿透, 用于全屏绘图
7: 新增js接口setButtonAction, 可以设置自定义的悬浮按钮点击动作
8: 优化部分js接口(非h5gg引擎), 统一命名, 暂时旧版兼容

H5GG v5.8 测试:
1: 修复全屏绘图模式下ipad无法触控操作卡屏的问题
2: 新增js接口setButtonImage, 可以设置悬浮按钮的图标
3: 新增js接口setWindowVisible, 可以设置悬浮窗口的显示或隐藏
4: 优化H5底层图形引擎, 增强图形引擎运行效率和性能

H5GG v5.9 测试:
1: 修复跨进程版中窗口显示尺寸不正确的问题
2: 修复超大范围搜索可能报错内存不足的问题
3: 降低搜索过程的内存占用, 更加流畅稳定
4: 邻近搜索的临近范围限制为2~4096之间
5: 新增横竖屏切换自动调整悬浮窗布局位置
6: 修复ipad分屏模式下看不到悬浮窗口的问题
7: 修复点击搜索结果无法弹出修改弹框的问题

H5GG v6.0 测试:
1: 跨进程版app现在可以全局悬浮显示了!
2: 修复5.9版本搜索闪退和结果不正确的问题
3: 跨进程版app中隐藏图标和关闭菜单按钮
4: 修复手机握持朝向变化时界面闪烁的问题
5: 修复部分APP中开启提示JS加载失败的问题

H5GG v6.1 测试:
1: 修复跨进程APP打开可能的闪退问题
2: 修复点击桌面悬浮按钮卡屏无反应问题
3: 修复旋转屏幕时悬浮按钮到屏幕外的问题

H5GG v6.2 测试:
1: 修复跨进程悬浮锁屏后解锁无法打开问题
2: 跨进程悬浮模式支持全局透明背景
3: 跨进程悬浮模式支持悬浮窗口外触摸穿透
4: 跨进程悬浮模式支持自定义按钮动作
5: 分离跨进程悬浮模块为可插拔式

H5GG v6.3 测试:
1: 完美支持ipad分屏/悬浮自动调整界面布局
2: 修复ipad分屏旋转屏幕悬浮图标位置错乱问题
3: 修复跨进程划出多任务悬浮界面显示异常问题
4: 重新优化跨进程悬浮旋转方式,自动跟随当前APP
5: 加载新的H5页面前自动清除拖动区域,按钮动作等

H5GG v6.4 测试:
1: 跨进程悬浮版不在支持iPad分屏和浮动
2: 新增跨进程普通版,支持iPad分屏和浮动
3: 修复iPad分屏浮动时显示超出边框问题
4: 修复跨进程悬浮在ipad旋转布局异常问题
5: 修复跨进程悬浮在ipad可能开启卡住问题
6: 修复通用版无网络情况下开启可能闪退的问题

H5GG v6.5 测试:
1: 修复跨进程版全屏绘图无法触控屏幕的问题
2: 修复全屏模式下隐藏显示菜单可能闪退问题
3: 修复搜索结果列表高度显示可能异常的问题
4: 修复部分ios13弹出提示框显示在下层的问题

H5GG v6.6 测试:
1: 跨进程全屏悬浮适配ios12系统
2: 通用版禁入部分会出现冲突的APP

H5GG v6.7 测试:
1: 跨进程全屏悬浮适配ios11系统悬浮
2: 修复跨进程版卸载deb自动结束的问题
3: 增加跨进程版本没有选择目标的提示信息
4: 增加js接口setLayoutAction处理动态布局
5: 优化部分逻辑判断提前适配ios15系统越狱
6: 优化悬浮窗口自动布局适配部分老旧设备

H5GG v6.8 测试:
1: 跨进程悬浮图标调整为开启APP后才显示
2: 跨进程悬浮版支持制作插件的自定义图标

H5GG v6.9 更新:
1: 修复跨进程悬浮版开启无反应问题
2: 修复跨进程版卸载后图标残留问题

H5GG v7.0 更新:
1: 修复制作插件生成的dylib在部分设备系统可能闪退的问题
2: 修复部分特殊情况下js脚本出错的提示信息不完整的问题
3: 支持单独调整悬浮窗口的位置或尺寸

H5GGv7.2 更新:
1: 修复部分情况下搜索功能可能导致引擎闪退的问题
2: 修复部分情况下搜索结果可能存在遗漏数据的问题
3: 修复部分老旧设备悬浮窗口界面与状态栏重叠问题

H5GGv7.3 更新:
1: 修复ios12无法悬浮问题
2: 修复一个内存泄漏的BUG
3: 优化多国语言本地化支持
4: 优化提升安全性和稳定性
5: 修复跨进程版APP可能提示没有网络的问题
6: 修复跨进程悬浮版setWindowVisible接口

H5GGv7.4 更新:
1: 新增h5gg.loadPlugin接口调用dylib插件
2: 优化加载网络html文件的访问速度
3: 修复跨进程接口一个资源泄漏问题
4: 修复加载frame导致悬浮按钮动作失效问题
5: 修复跨进程悬浮版切换html时触控穿透未重置的问题
6: 优化H5加载失败的错误提示过滤多余的无效提示

H5GGv7.5 更新:
1: 增加h5gg.require接口设定需求的H5GG最低版本号
2: 修复跨进程悬浮版重启APP悬浮按钮图标未重置的问题
2: 增加调用已废弃的API接口时的提醒警告

H5GGv7.52 更新:
1: 优化通用注入版在大型APP中搜素闪退问题

H5GGv7.6 更新:
1: 修复范围值搜索无法识别全角波浪号的问题
2: 优化通用注入版在大型APP中搜素闪退问题
3: 修复getRangesList模块结尾可能不准确的问题
4: 调整为由h5frida来加载frida-gadget
5: h5frida增加免越狱inline-hook支持

H5GGv7.7 更新:
1: 修复跨进程版getRangesList模块结尾无效的问题
2: 新增通过Filza安装deb时提示是否已安装越狱基板
3: 新增跨进程悬浮插件可能被其他插件被禁用的提醒
4: 修复制作dylib可能闪退的问题

H5GGv7.8 更新:
1: 修复下滑通知界面导致悬浮版退出的问题
2: 修复跨进程版制作插件写入失败的问题
3: 增加英文语言版本, 根据系统语言加载

